<?xml version="1.0" encoding="UTF-8"?>
<!-- Generated by org.testng.reporters.JUnitXMLReporter -->
<testsuite ignored="0" hostname="LAPTOP-I7ABQCRR" failures="0" tests="4" name="Default test" time="6.386" errors="0" timestamp="2021-06-11T12:18:17 IST">
  <testcase classname="swagLabs.TestScripts.TC001" name="Login_Test" time="0.651"/>
  <testcase classname="swagLabs.TestScripts.TC001" name="Login_Test" time="0.525"/>
  <testcase classname="swagLabs.TestScripts.TC001" name="Login_Test" time="0.51"/>
  <testcase classname="swagLabs.TestScripts.TC001" name="Login_Test" time="0.589"/>
</testsuite> <!-- Default test -->
